<?xml version="1.0" encoding="UTF-8"?>
<robot generator="Robot 7.3.2 (Python 3.12.3 on linux)" generated="2025-09-23T15:53:54.656783" rpa="false" schemaversion="5">
<suite id="s1" name="registerUser" source="/home/rafael/Documentos/Compass/FrontServeRest-RoboteXpress/tests/registerUser.robot">
<test id="s1-t1" name="Cadastrar um cliente sendo um Administrador com sucesso" line="31">
<kw name="Start Session" owner="base">
<kw name="New Browser" owner="Browser">
<msg time="2025-09-23T15:53:55.012962" level="INFO">{"browser": "chromium", "headless": false, "chromiumSandbox": false, "devtools": false, "handleSIGHUP": true, "handleSIGINT": true, "handleSIGTERM": true, "slowMo": 0.0, "timeout": 30000.0, "tracesDir": "/home/rafael/Documentos/Compass/FrontServeRest-RoboteXpress/browser/traces/temp/c1948e32-143f-42d4-8db9-29ae135cfab7"}</msg>
<msg time="2025-09-23T15:53:55.025844" level="INFO">Starting Browser process /home/rafael/.venv/lib/python3.12/site-packages/Browser/wrapper/index.js using at 127.0.0.1:40927</msg>
<msg time="2025-09-23T15:53:56.246701" level="INFO">Successfully created browser with options: {"browser":"chromium","headless":false,"chromiumSandbox":false,"devtools":false,"handleSIGHUP":true,"handleSIGINT":true,"handleSIGTERM":true,"slowMo":0,"timeout":30000,"tracesDir":"/home/rafael/Documentos/Compass/FrontServeRest-RoboteXpress/browser/traces/temp/c1948e32-143f-42d4-8db9-29ae135cfab7"}</msg>
<arg>${BROWSER}</arg>
<arg>headless=False</arg>
<tag>BrowserControl</tag>
<tag>Setter</tag>
<doc>Create a new playwright Browser with specified options.</doc>
<status status="PASS" start="2025-09-23T15:53:55.010690" elapsed="1.237602"/>
</kw>
<kw name="New Page" owner="Browser">
<msg time="2025-09-23T15:53:58.529704" level="INFO">Successfully initialized new page object and opened url: https://compassuolfront.serverest.dev/</msg>
<msg time="2025-09-23T15:53:58.530156" level="INFO">No context was open. New context was automatically opened when this page is created.</msg>
<arg>${BASE_URL}</arg>
<tag>BrowserControl</tag>
<tag>Setter</tag>
<doc>Open a new Page.</doc>
<status status="PASS" start="2025-09-23T15:53:56.249068" elapsed="2.281509"/>
</kw>
<status status="PASS" start="2025-09-23T15:53:55.007972" elapsed="3.522866"/>
</kw>
<kw name="Create Dictionary" owner="BuiltIn">
<msg time="2025-09-23T15:53:58.532765" level="INFO">${admin_user} = {'nome': 'Steve Jobs', 'email': 'steve.jobs@apple.com', 'password': 'apple123', 'administrador': 'true'}</msg>
<var>${admin_user}</var>
<arg>nome=Steve Jobs</arg>
<arg>email=steve.jobs@apple.com</arg>
<arg>password=apple123</arg>
<arg>administrador=true</arg>
<doc>Creates and returns a dictionary based on the given ``items``.</doc>
<status status="PASS" start="2025-09-23T15:53:58.531485" elapsed="0.002933"/>
</kw>
<kw name="Create Dictionary" owner="BuiltIn">
<msg time="2025-09-23T15:53:58.536017" level="INFO">${new_user_data} = {'nome': 'Pedro Souza', 'email': 'pedro.souza.cliente@serverest.com', 'password': 'pwd1234', 'administrador': 'false'}</msg>
<var>${new_user_data}</var>
<arg>nome=Pedro Souza</arg>
<arg>email=pedro.souza.cliente@serverest.com</arg>
<arg>password=pwd1234</arg>
<arg>administrador=false</arg>
<doc>Creates and returns a dictionary based on the given ``items``.</doc>
<status status="PASS" start="2025-09-23T15:53:58.535080" elapsed="0.001241"/>
</kw>
<kw name="Gerar Administrador" owner="UserCreateAdminPage">
<kw name="POST - Fazer Login" owner="services">
<kw name="Create Dictionary" owner="BuiltIn">
<msg time="2025-09-23T15:53:58.542339" level="INFO">${payload} = {'email': 'steve.jobs@apple.com', 'password': 'apple123'}</msg>
<var>${payload}</var>
<arg>email=${user}[email]</arg>
<arg>password=${user}[password]</arg>
<doc>Creates and returns a dictionary based on the given ``items``.</doc>
<status status="PASS" start="2025-09-23T15:53:58.539567" elapsed="0.003243"/>
</kw>
<kw name="Create Session" owner="RequestsLibrary">
<msg time="2025-09-23T15:53:58.545358" level="INFO">Creating Session using : alias=ServeRest, url=https://compassuol.serverest.dev/, headers={},                     cookies={}, auth=None, timeout=None, proxies=None, verify=False,                     debug=0 </msg>
<arg>ServeRest</arg>
<arg>https://compassuol.serverest.dev/</arg>
<doc>Create Session: create a HTTP session to a server</doc>
<status status="PASS" start="2025-09-23T15:53:58.543449" elapsed="0.002612"/>
</kw>
<kw name="POST On Session" owner="RequestsLibrary">
<msg time="2025-09-23T15:53:59.167435" level="INFO">POST Request : url=https://compassuol.serverest.dev/login 
 path_url=/login 
 headers={'User-Agent': 'python-requests/2.32.5', 'Accept-Encoding': 'gzip, deflate', 'Accept': '*/*', 'Connection': 'keep-alive', 'Content-Length': '57', 'Content-Type': 'application/json'} 
 body=b'{"email": "steve.jobs@apple.com", "password": "apple123"}' 
 </msg>
<msg time="2025-09-23T15:53:59.167859" level="INFO">POST Response : url=https://compassuol.serverest.dev/login 
 status=200, reason=OK 
 headers={'access-control-allow-origin': '*', 'x-dns-prefetch-control': 'off', 'x-frame-options': 'SAMEORIGIN', 'strict-transport-security': 'max-age=15552000; includeSubDomains', 'x-download-options': 'noopen', 'x-content-type-options': 'nosniff', 'x-xss-protection': '1; mode=block', 'content-type': 'application/json; charset=utf-8', 'x-cloud-trace-context': 'cfd0ddda386659024aa455d72d8ec4ec;o=1', 'date': 'Tue, 23 Sep 2025 18:53:59 GMT', 'server': 'Google Frontend', 'Content-Length': '279'} 
 body={
    "message": "Login realizado com sucesso",
    "authorization": "Bearer eyJhbGciOiJIUzI1NiIsInR5cCI6IkpXVCJ9.eyJlbWFpbCI6InN0ZXZlLmpvYnNAYXBwbGUuY29tIiwicGFzc3dvcmQiOiJhcHBsZTEyMyIsImlhdCI6MTc1ODY1MzYzOSwiZXhwIjoxNzU4NjU0MjM5fQ.gr_eMsPB5SrKZ1HvO5Own8iAoB_I1zNfpuk4NFgwuBE"
} 
 </msg>
<msg time="2025-09-23T15:53:59.168191" level="INFO">/home/rafael/.venv/lib/python3.12/site-packages/urllib3/connectionpool.py:1097: InsecureRequestWarning: Unverified HTTPS request is being made to host 'compassuol.serverest.dev'. Adding certificate verification is strongly advised. See: https://urllib3.readthedocs.io/en/latest/advanced-usage.html#tls-warnings
  warnings.warn(</msg>
<msg time="2025-09-23T15:53:59.168807" level="INFO">${response} = &lt;Response [200]&gt;</msg>
<var>${response}</var>
<arg>alias=ServeRest</arg>
<arg>url=/login</arg>
<arg>json=${payload}</arg>
<arg>expected_status=any</arg>
<doc>Sends a POST request on a previously created HTTP Session.</doc>
<status status="PASS" start="2025-09-23T15:53:58.546541" elapsed="0.622498"/>
</kw>
<kw name="Set Global Variable" owner="BuiltIn">
<msg time="2025-09-23T15:53:59.169962" level="INFO">${response} = &lt;Response [200]&gt;</msg>
<arg>${response}</arg>
<doc>Makes a variable available globally in all tests and suites.</doc>
<status status="PASS" start="2025-09-23T15:53:59.169391" elapsed="0.000757"/>
</kw>
<kw name="Run Keyword If" owner="BuiltIn">
<kw name="Extract Token" owner="services">
<kw name="Set Variable" owner="BuiltIn">
<msg time="2025-09-23T15:53:59.172710" level="INFO">${token} = Bearer eyJhbGciOiJIUzI1NiIsInR5cCI6IkpXVCJ9.eyJlbWFpbCI6InN0ZXZlLmpvYnNAYXBwbGUuY29tIiwicGFzc3dvcmQiOiJhcHBsZTEyMyIsImlhdCI6MTc1ODY1MzYzOSwiZXhwIjoxNzU4NjU0MjM5fQ.gr_eMsPB5SrKZ1HvO5Own8iAoB_I1zNfpuk4N...</msg>
<var>${token}</var>
<arg>${response.json()['authorization']}</arg>
<doc>Returns the given values which can then be assigned to a variables.</doc>
<status status="PASS" start="2025-09-23T15:53:59.171938" elapsed="0.000928"/>
</kw>
<kw name="Log To Console" owner="BuiltIn">
<arg>Token obtido: ${token}</arg>
<doc>Logs the given message to the console.</doc>
<status status="PASS" start="2025-09-23T15:53:59.173262" elapsed="0.000836"/>
</kw>
<kw name="Set Global Variable" owner="BuiltIn">
<msg time="2025-09-23T15:53:59.175874" level="INFO">${token} = Bearer eyJhbGciOiJIUzI1NiIsInR5cCI6IkpXVCJ9.eyJlbWFpbCI6InN0ZXZlLmpvYnNAYXBwbGUuY29tIiwicGFzc3dvcmQiOiJhcHBsZTEyMyIsImlhdCI6MTc1ODY1MzYzOSwiZXhwIjoxNzU4NjU0MjM5fQ.gr_eMsPB5SrKZ1HvO5Own8iAoB_I1zNfpuk4N...</msg>
<arg>${token}</arg>
<doc>Makes a variable available globally in all tests and suites.</doc>
<status status="PASS" start="2025-09-23T15:53:59.174576" elapsed="0.001826"/>
</kw>
<status status="PASS" start="2025-09-23T15:53:59.171410" elapsed="0.005893"/>
</kw>
<arg>${response.status_code} == 200</arg>
<arg>Extract Token</arg>
<doc>Runs the given keyword with the given arguments, if ``condition`` is true.</doc>
<status status="PASS" start="2025-09-23T15:53:59.170414" elapsed="0.007290"/>
</kw>
<arg>${user}</arg>
<status status="PASS" start="2025-09-23T15:53:58.538348" elapsed="0.639848"/>
</kw>
<if>
<branch type="IF" condition="${response.status_code} == 200">
<kw name="GET - Buscar Usuario por email" owner="services">
<kw name="Create Session" owner="RequestsLibrary">
<msg time="2025-09-23T15:53:59.182372" level="INFO">Creating Session using : alias=ServeRest, url=https://compassuol.serverest.dev/, headers={},                     cookies={}, auth=None, timeout=None, proxies=None, verify=False,                     debug=0 </msg>
<arg>ServeRest</arg>
<arg>https://compassuol.serverest.dev/</arg>
<doc>Create Session: create a HTTP session to a server</doc>
<status status="PASS" start="2025-09-23T15:53:59.181342" elapsed="0.001548"/>
</kw>
<kw name="GET On Session" owner="RequestsLibrary">
<msg time="2025-09-23T15:53:59.685241" level="INFO">GET Request : url=https://compassuol.serverest.dev/usuarios?email=steve.jobs@apple.com 
 path_url=/usuarios?email=steve.jobs@apple.com 
 headers={'User-Agent': 'python-requests/2.32.5', 'Accept-Encoding': 'gzip, deflate', 'Accept': '*/*', 'Connection': 'keep-alive'} 
 body=None 
 </msg>
<msg time="2025-09-23T15:53:59.685607" level="INFO">GET Response : url=https://compassuol.serverest.dev/usuarios?email=steve.jobs@apple.com 
 status=200, reason=OK 
 headers={'access-control-allow-origin': '*', 'x-dns-prefetch-control': 'off', 'x-frame-options': 'SAMEORIGIN', 'strict-transport-security': 'max-age=15552000; includeSubDomains', 'x-download-options': 'noopen', 'x-content-type-options': 'nosniff', 'x-xss-protection': '1; mode=block', 'content-type': 'application/json; charset=utf-8', 'x-cloud-trace-context': 'fc8bf948e75137cd07e4978fce21d18b', 'date': 'Tue, 23 Sep 2025 18:53:59 GMT', 'server': 'Google Frontend', 'Content-Length': '258'} 
 body={
    "quantidade": 1,
    "usuarios": [
        {
            "nome": "Steve Jobs",
            "email": "steve.jobs@apple.com",
            "password": "apple123",
            "administrador": "true",
            "_id": "UdaxVyDlVHIdSvK5"
        }
    ]
} 
 </msg>
<msg time="2025-09-23T15:53:59.685839" level="INFO">/home/rafael/.venv/lib/python3.12/site-packages/urllib3/connectionpool.py:1097: InsecureRequestWarning: Unverified HTTPS request is being made to host 'compassuol.serverest.dev'. Adding certificate verification is strongly advised. See: https://urllib3.readthedocs.io/en/latest/advanced-usage.html#tls-warnings
  warnings.warn(</msg>
<msg time="2025-09-23T15:53:59.686250" level="INFO">${response} = &lt;Response [200]&gt;</msg>
<var>${response}</var>
<arg>alias=ServeRest</arg>
<arg>url=/usuarios?email=${user}[email]</arg>
<arg>expected_status=any</arg>
<doc>Sends a GET request on a previously created HTTP Session.</doc>
<status status="PASS" start="2025-09-23T15:53:59.183260" elapsed="0.503172"/>
</kw>
<kw name="Set Variable" owner="BuiltIn">
<msg time="2025-09-23T15:53:59.688268" level="INFO">${user_id} = UdaxVyDlVHIdSvK5</msg>
<var>${user_id}</var>
<arg>${response.json()['usuarios'][0]['_id']}</arg>
<doc>Returns the given values which can then be assigned to a variables.</doc>
<status status="PASS" start="2025-09-23T15:53:59.686754" elapsed="0.002330"/>
</kw>
<kw name="Log" owner="BuiltIn">
<msg time="2025-09-23T15:53:59.690286" level="INFO">UdaxVyDlVHIdSvK5</msg>
<arg>${user_id}</arg>
<doc>Logs the given message with the given level.</doc>
<status status="PASS" start="2025-09-23T15:53:59.689580" elapsed="0.000968"/>
</kw>
<kw name="Set Global Variable" owner="BuiltIn">
<msg time="2025-09-23T15:53:59.691688" level="INFO">${user_id} = UdaxVyDlVHIdSvK5</msg>
<arg>${user_id}</arg>
<doc>Makes a variable available globally in all tests and suites.</doc>
<status status="PASS" start="2025-09-23T15:53:59.690842" elapsed="0.001215"/>
</kw>
<arg>${user}</arg>
<status status="PASS" start="2025-09-23T15:53:59.180248" elapsed="0.512633"/>
</kw>
<kw name="DELETE - Apagar um usuário" owner="services">
<kw name="Create Dictionary" owner="BuiltIn">
<msg time="2025-09-23T15:53:59.697161" level="INFO">&amp;{header} = { Content-Type=application/json }</msg>
<var>&amp;{header}</var>
<arg>Content-Type=application/json</arg>
<doc>Creates and returns a dictionary based on the given ``items``.</doc>
<status status="PASS" start="2025-09-23T15:53:59.694925" elapsed="0.002722"/>
</kw>
<kw name="Create Session" owner="RequestsLibrary">
<msg time="2025-09-23T15:53:59.699043" level="INFO">Creating Session using : alias=ServeRest, url=https://compassuol.serverest.dev/, headers={},                     cookies={}, auth=None, timeout=None, proxies=None, verify=False,                     debug=0 </msg>
<arg>ServeRest</arg>
<arg>https://compassuol.serverest.dev/</arg>
<doc>Create Session: create a HTTP session to a server</doc>
<status status="PASS" start="2025-09-23T15:53:59.698396" elapsed="0.001246"/>
</kw>
<kw name="DELETE On Session" owner="RequestsLibrary">
<msg time="2025-09-23T15:54:00.216272" level="INFO">DELETE Request : url=https://compassuol.serverest.dev/usuarios/UdaxVyDlVHIdSvK5 
 path_url=/usuarios/UdaxVyDlVHIdSvK5 
 headers={'User-Agent': 'python-requests/2.32.5', 'Accept-Encoding': 'gzip, deflate', 'Accept': '*/*', 'Connection': 'keep-alive', 'Content-Type': 'application/json', 'Content-Length': '0'} 
 body=None 
 </msg>
<msg time="2025-09-23T15:54:00.216794" level="INFO">DELETE Response : url=https://compassuol.serverest.dev/usuarios/UdaxVyDlVHIdSvK5 
 status=200, reason=OK 
 headers={'access-control-allow-origin': '*', 'x-dns-prefetch-control': 'off', 'x-frame-options': 'SAMEORIGIN', 'strict-transport-security': 'max-age=15552000; includeSubDomains', 'x-download-options': 'noopen', 'x-content-type-options': 'nosniff', 'x-xss-protection': '1; mode=block', 'content-type': 'application/json; charset=utf-8', 'x-cloud-trace-context': 'd436c6375eeb52ce929bac7111ba6b59', 'date': 'Tue, 23 Sep 2025 18:54:00 GMT', 'server': 'Google Frontend', 'Content-Length': '51'} 
 body={
    "message": "Registro excluído com sucesso"
} 
 </msg>
<msg time="2025-09-23T15:54:00.217205" level="INFO">/home/rafael/.venv/lib/python3.12/site-packages/urllib3/connectionpool.py:1097: InsecureRequestWarning: Unverified HTTPS request is being made to host 'compassuol.serverest.dev'. Adding certificate verification is strongly advised. See: https://urllib3.readthedocs.io/en/latest/advanced-usage.html#tls-warnings
  warnings.warn(</msg>
<msg time="2025-09-23T15:54:00.217787" level="INFO">${response} = &lt;Response [200]&gt;</msg>
<var>${response}</var>
<arg>alias=ServeRest</arg>
<arg>url=/usuarios/${_id}</arg>
<arg>headers=${header}</arg>
<arg>expected_status=any</arg>
<doc>Sends a DELETE request on a previously created HTTP Session.</doc>
<status status="PASS" start="2025-09-23T15:53:59.700268" elapsed="0.517790"/>
</kw>
<kw name="Log" owner="BuiltIn">
<msg time="2025-09-23T15:54:00.220342" level="INFO">Response Status: 200</msg>
<arg>Response Status: ${response.status_code}</arg>
<doc>Logs the given message with the given level.</doc>
<status status="PASS" start="2025-09-23T15:54:00.218638" elapsed="0.002742"/>
</kw>
<kw name="Log" owner="BuiltIn">
<msg time="2025-09-23T15:54:00.223629" level="INFO">Response: {
    "message": "Registro excluÃ­do com sucesso"
}</msg>
<arg>Response: ${response.content}</arg>
<doc>Logs the given message with the given level.</doc>
<status status="PASS" start="2025-09-23T15:54:00.222046" elapsed="0.002041"/>
</kw>
<kw name="Set Global Variable" owner="BuiltIn">
<msg time="2025-09-23T15:54:00.225712" level="INFO">${response} = &lt;Response [200]&gt;</msg>
<arg>${response}</arg>
<doc>Makes a variable available globally in all tests and suites.</doc>
<status status="PASS" start="2025-09-23T15:54:00.224771" elapsed="0.001941"/>
</kw>
<arg>${user_id}</arg>
<status status="PASS" start="2025-09-23T15:53:59.693603" elapsed="0.533563"/>
</kw>
<status status="PASS" start="2025-09-23T15:53:59.178617" elapsed="1.048964"/>
</branch>
<status status="PASS" start="2025-09-23T15:53:59.178531" elapsed="1.049851"/>
</if>
<kw name="POST - Registrar Usuario" owner="services">
<kw name="Create Dictionary" owner="BuiltIn">
<msg time="2025-09-23T15:54:00.233707" level="INFO">&amp;{header} = { Content-Type=application/json }</msg>
<var>&amp;{header}</var>
<arg>Content-Type=application/json</arg>
<doc>Creates and returns a dictionary based on the given ``items``.</doc>
<status status="PASS" start="2025-09-23T15:54:00.232804" elapsed="0.001236"/>
</kw>
<kw name="Create Dictionary" owner="BuiltIn">
<msg time="2025-09-23T15:54:00.237191" level="INFO">${payload} = {'nome': 'Steve Jobs', 'email': 'steve.jobs@apple.com', 'password': 'apple123', 'administrador': 'true'}</msg>
<var>${payload}</var>
<arg>nome=${user}[nome]</arg>
<arg>email=${user}[email]</arg>
<arg>password=${user}[password]</arg>
<arg>administrador=${user}[administrador]</arg>
<doc>Creates and returns a dictionary based on the given ``items``.</doc>
<status status="PASS" start="2025-09-23T15:54:00.234702" elapsed="0.002980"/>
</kw>
<kw name="Create Session" owner="RequestsLibrary">
<msg time="2025-09-23T15:54:00.239249" level="INFO">Creating Session using : alias=ServeRest, url=https://compassuol.serverest.dev/, headers={},                     cookies={}, auth=None, timeout=None, proxies=None, verify=False,                     debug=0 </msg>
<arg>ServeRest</arg>
<arg>https://compassuol.serverest.dev/</arg>
<doc>Create Session: create a HTTP session to a server</doc>
<status status="PASS" start="2025-09-23T15:54:00.238248" elapsed="0.001570"/>
</kw>
<kw name="POST On Session" owner="RequestsLibrary">
<msg time="2025-09-23T15:54:00.769006" level="INFO">POST Request : url=https://compassuol.serverest.dev/usuarios 
 path_url=/usuarios 
 headers={'User-Agent': 'python-requests/2.32.5', 'Accept-Encoding': 'gzip, deflate', 'Accept': '*/*', 'Connection': 'keep-alive', 'Content-Type': 'application/json', 'Content-Length': '104'} 
 body=b'{"nome": "Steve Jobs", "email": "steve.jobs@apple.com", "password": "apple123", "administrador": "true"}' 
 </msg>
<msg time="2025-09-23T15:54:00.769370" level="INFO">POST Response : url=https://compassuol.serverest.dev/usuarios 
 status=201, reason=Created 
 headers={'access-control-allow-origin': '*', 'x-dns-prefetch-control': 'off', 'x-frame-options': 'SAMEORIGIN', 'strict-transport-security': 'max-age=15552000; includeSubDomains', 'x-download-options': 'noopen', 'x-content-type-options': 'nosniff', 'x-xss-protection': '1; mode=block', 'content-type': 'application/json; charset=utf-8', 'x-cloud-trace-context': '5f237dcde614f429b65b6b22c6fd5545', 'date': 'Tue, 23 Sep 2025 18:54:00 GMT', 'server': 'Google Frontend', 'Content-Length': '82'} 
 body={
    "message": "Cadastro realizado com sucesso",
    "_id": "X9er1YuwovGSf3Kp"
} 
 </msg>
<msg time="2025-09-23T15:54:00.769623" level="INFO">/home/rafael/.venv/lib/python3.12/site-packages/urllib3/connectionpool.py:1097: InsecureRequestWarning: Unverified HTTPS request is being made to host 'compassuol.serverest.dev'. Adding certificate verification is strongly advised. See: https://urllib3.readthedocs.io/en/latest/advanced-usage.html#tls-warnings
  warnings.warn(</msg>
<msg time="2025-09-23T15:54:00.769983" level="INFO">${response} = &lt;Response [201]&gt;</msg>
<var>${response}</var>
<arg>alias=ServeRest</arg>
<arg>url=/usuarios</arg>
<arg>json=${payload}</arg>
<arg>headers=${header}</arg>
<arg>expected_status=any</arg>
<doc>Sends a POST request on a previously created HTTP Session.</doc>
<status status="PASS" start="2025-09-23T15:54:00.240304" elapsed="0.529914"/>
</kw>
<kw name="Log" owner="BuiltIn">
<msg time="2025-09-23T15:54:00.771337" level="INFO">Response Status: 201</msg>
<arg>Response Status: ${response.status_code}</arg>
<doc>Logs the given message with the given level.</doc>
<status status="PASS" start="2025-09-23T15:54:00.770541" elapsed="0.000990"/>
</kw>
<kw name="Log" owner="BuiltIn">
<msg time="2025-09-23T15:54:00.772540" level="INFO">Response: {
    "message": "Cadastro realizado com sucesso",
    "_id": "X9er1YuwovGSf3Kp"
}</msg>
<arg>Response: ${response.content}</arg>
<doc>Logs the given message with the given level.</doc>
<status status="PASS" start="2025-09-23T15:54:00.771789" elapsed="0.000942"/>
</kw>
<kw name="Set Global Variable" owner="BuiltIn">
<msg time="2025-09-23T15:54:00.773468" level="INFO">${response} = &lt;Response [201]&gt;</msg>
<arg>${response}</arg>
<doc>Makes a variable available globally in all tests and suites.</doc>
<status status="PASS" start="2025-09-23T15:54:00.773017" elapsed="0.000621"/>
</kw>
<arg>${user}</arg>
<status status="PASS" start="2025-09-23T15:54:00.228917" elapsed="0.544902"/>
</kw>
<arg>${admin_user}</arg>
<status status="PASS" start="2025-09-23T15:53:58.537177" elapsed="2.236825"/>
</kw>
<kw name="Fazer Login como Administrador" owner="UserCreateAdminPage">
<kw name="Fill Text" owner="Browser">
<msg time="2025-09-23T15:54:00.776604" level="INFO">Fills the text 'steve.jobs@apple.com' in the given field.</msg>
<arg>data-testid=email</arg>
<arg>${user['email']}</arg>
<tag>PageContent</tag>
<tag>Setter</tag>
<doc>Clears and fills the given ``txt`` into the text field found by ``selector``.</doc>
<status status="PASS" start="2025-09-23T15:54:00.775068" elapsed="0.104288"/>
</kw>
<kw name="Fill Text" owner="Browser">
<msg time="2025-09-23T15:54:00.886905" level="INFO">Fills the text 'apple123' in the given field.</msg>
<arg>data-testid=senha</arg>
<arg>${user['password']}</arg>
<tag>PageContent</tag>
<tag>Setter</tag>
<doc>Clears and fills the given ``txt`` into the text field found by ``selector``.</doc>
<status status="PASS" start="2025-09-23T15:54:00.882174" elapsed="0.122187"/>
</kw>
<kw name="Click" owner="Browser">
<msg time="2025-09-23T15:54:01.010765" level="INFO">Clicks the element 'data-testid=entrar'.</msg>
<arg>data-testid=entrar</arg>
<tag>PageContent</tag>
<tag>Setter</tag>
<doc>Simulates mouse click on the element found by ``selector``.</doc>
<status status="PASS" start="2025-09-23T15:54:01.007242" elapsed="0.103880"/>
</kw>
<kw name="Sleep" owner="BuiltIn">
<msg time="2025-09-23T15:54:04.113567" level="INFO">Slept 3 seconds.</msg>
<arg>3s</arg>
<doc>Pauses the test executed for the given time.</doc>
<status status="PASS" start="2025-09-23T15:54:01.111684" elapsed="3.003485"/>
</kw>
<arg>${admin_user}</arg>
<status status="PASS" start="2025-09-23T15:54:00.774469" elapsed="3.341810"/>
</kw>
<kw name="Limpar Usuario" owner="base">
<kw name="POST - Fazer Login" owner="services">
<kw name="Create Dictionary" owner="BuiltIn">
<msg time="2025-09-23T15:54:04.126335" level="INFO">${payload} = {'email': 'pedro.souza.cliente@serverest.com', 'password': 'pwd1234'}</msg>
<var>${payload}</var>
<arg>email=${user}[email]</arg>
<arg>password=${user}[password]</arg>
<doc>Creates and returns a dictionary based on the given ``items``.</doc>
<status status="PASS" start="2025-09-23T15:54:04.122791" elapsed="0.004464"/>
</kw>
<kw name="Create Session" owner="RequestsLibrary">
<msg time="2025-09-23T15:54:04.129873" level="INFO">Creating Session using : alias=ServeRest, url=https://compassuol.serverest.dev/, headers={},                     cookies={}, auth=None, timeout=None, proxies=None, verify=False,                     debug=0 </msg>
<arg>ServeRest</arg>
<arg>https://compassuol.serverest.dev/</arg>
<doc>Create Session: create a HTTP session to a server</doc>
<status status="PASS" start="2025-09-23T15:54:04.128436" elapsed="0.002093"/>
</kw>
<kw name="POST On Session" owner="RequestsLibrary">
<msg time="2025-09-23T15:54:04.627665" level="INFO">POST Request : url=https://compassuol.serverest.dev/login 
 path_url=/login 
 headers={'User-Agent': 'python-requests/2.32.5', 'Accept-Encoding': 'gzip, deflate', 'Accept': '*/*', 'Connection': 'keep-alive', 'Content-Length': '69', 'Content-Type': 'application/json'} 
 body=b'{"email": "pedro.souza.cliente@serverest.com", "password": "pwd1234"}' 
 </msg>
<msg time="2025-09-23T15:54:04.628054" level="INFO">POST Response : url=https://compassuol.serverest.dev/login 
 status=401, reason=Unauthorized 
 headers={'access-control-allow-origin': '*', 'x-dns-prefetch-control': 'off', 'x-frame-options': 'SAMEORIGIN', 'strict-transport-security': 'max-age=15552000; includeSubDomains', 'x-download-options': 'noopen', 'x-content-type-options': 'nosniff', 'x-xss-protection': '1; mode=block', 'content-type': 'application/json; charset=utf-8', 'x-cloud-trace-context': 'b8714f018faab93e571188d1ebce4b5c', 'date': 'Tue, 23 Sep 2025 18:54:04 GMT', 'server': 'Google Frontend', 'Content-Length': '48'} 
 body={
    "message": "Email e/ou senha inválidos"
} 
 </msg>
<msg time="2025-09-23T15:54:04.628562" level="INFO">/home/rafael/.venv/lib/python3.12/site-packages/urllib3/connectionpool.py:1097: InsecureRequestWarning: Unverified HTTPS request is being made to host 'compassuol.serverest.dev'. Adding certificate verification is strongly advised. See: https://urllib3.readthedocs.io/en/latest/advanced-usage.html#tls-warnings
  warnings.warn(</msg>
<msg time="2025-09-23T15:54:04.629808" level="INFO">${response} = &lt;Response [401]&gt;</msg>
<var>${response}</var>
<arg>alias=ServeRest</arg>
<arg>url=/login</arg>
<arg>json=${payload}</arg>
<arg>expected_status=any</arg>
<doc>Sends a POST request on a previously created HTTP Session.</doc>
<status status="PASS" start="2025-09-23T15:54:04.131113" elapsed="0.499084"/>
</kw>
<kw name="Set Global Variable" owner="BuiltIn">
<msg time="2025-09-23T15:54:04.631755" level="INFO">${response} = &lt;Response [401]&gt;</msg>
<arg>${response}</arg>
<doc>Makes a variable available globally in all tests and suites.</doc>
<status status="PASS" start="2025-09-23T15:54:04.630807" elapsed="0.001393"/>
</kw>
<kw name="Run Keyword If" owner="BuiltIn">
<arg>${response.status_code} == 200</arg>
<arg>Extract Token</arg>
<doc>Runs the given keyword with the given arguments, if ``condition`` is true.</doc>
<status status="PASS" start="2025-09-23T15:54:04.632669" elapsed="0.001341"/>
</kw>
<arg>${user}</arg>
<status status="PASS" start="2025-09-23T15:54:04.120609" elapsed="0.513821"/>
</kw>
<if>
<branch type="IF" condition="${response.status_code} == 200">
<kw name="GET - Buscar Usuario por email" owner="services">
<arg>${user}</arg>
<status status="NOT RUN" start="2025-09-23T15:54:04.636538" elapsed="0.001467"/>
</kw>
<kw name="DELETE - Apagar um usuário" owner="services">
<arg>${user_id}</arg>
<status status="NOT RUN" start="2025-09-23T15:54:04.638719" elapsed="0.000437"/>
</kw>
<status status="NOT RUN" start="2025-09-23T15:54:04.634865" elapsed="0.004590"/>
</branch>
<status status="PASS" start="2025-09-23T15:54:04.634787" elapsed="0.004957"/>
</if>
<arg>${new_user_data}</arg>
<status status="PASS" start="2025-09-23T15:54:04.118069" elapsed="0.521871"/>
</kw>
<kw name="Enviar formulário de criação de usuário como admin" owner="UserCreateAdminPage">
<kw name="Click" owner="Browser">
<msg time="2025-09-23T15:54:04.646308" level="INFO">Clicks the element 'data-testid=cadastrar-usuarios'.</msg>
<arg>data-testid=cadastrar-usuarios</arg>
<tag>PageContent</tag>
<tag>Setter</tag>
<doc>Simulates mouse click on the element found by ``selector``.</doc>
<status status="PASS" start="2025-09-23T15:54:04.642615" elapsed="0.096935"/>
</kw>
<kw name="Fill Text" owner="Browser">
<msg time="2025-09-23T15:54:04.741580" level="INFO">Fills the text 'Pedro Souza' in the given field.</msg>
<arg>data-testid=nome</arg>
<arg>${user}[nome]</arg>
<tag>PageContent</tag>
<tag>Setter</tag>
<doc>Clears and fills the given ``txt`` into the text field found by ``selector``.</doc>
<status status="PASS" start="2025-09-23T15:54:04.740223" elapsed="0.065944"/>
</kw>
<kw name="Fill Text" owner="Browser">
<msg time="2025-09-23T15:54:04.810581" level="INFO">Fills the text 'pedro.souza.cliente@serverest.com' in the given field.</msg>
<arg>data-testid=email</arg>
<arg>${user}[email]</arg>
<tag>PageContent</tag>
<tag>Setter</tag>
<doc>Clears and fills the given ``txt`` into the text field found by ``selector``.</doc>
<status status="PASS" start="2025-09-23T15:54:04.806797" elapsed="0.096503"/>
</kw>
<kw name="Fill Text" owner="Browser">
<msg time="2025-09-23T15:54:04.906673" level="INFO">Fills the text 'pwd1234' in the given field.</msg>
<arg>data-testid=password</arg>
<arg>${user}[password]</arg>
<tag>PageContent</tag>
<tag>Setter</tag>
<doc>Clears and fills the given ``txt`` into the text field found by ``selector``.</doc>
<status status="PASS" start="2025-09-23T15:54:04.904120" elapsed="0.070294"/>
</kw>
<kw name="Sleep" owner="BuiltIn">
<msg time="2025-09-23T15:54:06.976174" level="INFO">Slept 2 seconds.</msg>
<arg>2s</arg>
<doc>Pauses the test executed for the given time.</doc>
<status status="PASS" start="2025-09-23T15:54:04.975021" elapsed="2.002606"/>
</kw>
<if>
<branch type="IF" condition="$user['administrador'] == &quot;true&quot;">
<kw name="Click" owner="Browser">
<arg>data-testid=checkbox</arg>
<tag>PageContent</tag>
<tag>Setter</tag>
<doc>Simulates mouse click on the element found by ``selector``.</doc>
<status status="NOT RUN" start="2025-09-23T15:54:06.982327" elapsed="0.001292"/>
</kw>
<status status="NOT RUN" start="2025-09-23T15:54:06.978818" elapsed="0.005929"/>
</branch>
<status status="PASS" start="2025-09-23T15:54:06.978621" elapsed="0.007060"/>
</if>
<kw name="Click" owner="Browser">
<msg time="2025-09-23T15:54:06.990175" level="INFO">Clicks the element 'data-testid=cadastrarUsuario'.</msg>
<arg>data-testid=cadastrarUsuario</arg>
<tag>PageContent</tag>
<tag>Setter</tag>
<doc>Simulates mouse click on the element found by ``selector``.</doc>
<status status="PASS" start="2025-09-23T15:54:06.986567" elapsed="0.084815"/>
</kw>
<kw name="Sleep" owner="BuiltIn">
<msg time="2025-09-23T15:54:08.073506" level="INFO">Slept 1 second.</msg>
<arg>1s</arg>
<doc>Pauses the test executed for the given time.</doc>
<status status="PASS" start="2025-09-23T15:54:07.072105" elapsed="1.002765"/>
</kw>
<arg>${new_user_data}</arg>
<status status="PASS" start="2025-09-23T15:54:04.640982" elapsed="3.434652"/>
</kw>
<msg time="2025-09-23T15:54:08.117531" level="INFO">Switching context to context=5d17e9a6-694f-46cc-a8dd-b24bd083b399 in CURRENT</msg>
<msg time="2025-09-23T15:54:08.139800" level="INFO">Successfully changed active context: context=5d17e9a6-694f-46cc-a8dd-b24bd083b399</msg>
<msg time="2025-09-23T15:54:08.214467" level="INFO">Successfully closed Context</msg>
<tag>cadastro-adm</tag>
<status status="PASS" start="2025-09-23T15:53:55.005314" elapsed="13.071307"/>
</test>
<doc>Ações e elementos da página de criação de usuário como um Administrador</doc>
<status status="PASS" start="2025-09-23T15:53:54.662280" elapsed="13.556636"/>
</suite>
<statistics>
<total>
<stat pass="1" fail="0" skip="0">All Tests</stat>
</total>
<tag>
<stat pass="1" fail="0" skip="0">cadastro-adm</stat>
</tag>
<suite>
<stat name="registerUser" id="s1" pass="1" fail="0" skip="0">registerUser</stat>
</suite>
</statistics>
<errors>
</errors>
</robot>
